Determining if the pthread_create exist failed with the following output:
Change Dir: /root/coins/guiclassic/build/release/CMakeFiles/CMakeTmp

Run Build Command:"/usr/bin/make" "cmTC_40a9a/fast"
make[1]: Entering directory '/root/coins/guiclassic/build/release/CMakeFiles/CMakeTmp'
/usr/bin/make -f CMakeFiles/cmTC_40a9a.dir/build.make CMakeFiles/cmTC_40a9a.dir/build
make[2]: Entering directory '/root/coins/guiclassic/build/release/CMakeFiles/CMakeTmp'
Building C object CMakeFiles/cmTC_40a9a.dir/CheckSymbolExists.c.o
/usr/bin/cc    -o CMakeFiles/cmTC_40a9a.dir/CheckSymbolExists.c.o   -c /root/coins/guiclassic/build/release/CMakeFiles/CMakeTmp/CheckSymbolExists.c
Linking C executable cmTC_40a9a
/usr/local/bin/cmake -E cmake_link_script CMakeFiles/cmTC_40a9a.dir/link.txt --verbose=1
/usr/bin/cc      -rdynamic CMakeFiles/cmTC_40a9a.dir/CheckSymbolExists.c.o  -o cmTC_40a9a 
CMakeFiles/cmTC_40a9a.dir/CheckSymbolExists.c.o: In function `main':
CheckSymbolExists.c:(.text+0x1b): undefined reference to `pthread_create'
collect2: error: ld returned 1 exit status
CMakeFiles/cmTC_40a9a.dir/build.make:86: recipe for target 'cmTC_40a9a' failed
make[2]: *** [cmTC_40a9a] Error 1
make[2]: Leaving directory '/root/coins/guiclassic/build/release/CMakeFiles/CMakeTmp'
Makefile:126: recipe for target 'cmTC_40a9a/fast' failed
make[1]: *** [cmTC_40a9a/fast] Error 2
make[1]: Leaving directory '/root/coins/guiclassic/build/release/CMakeFiles/CMakeTmp'

File /root/coins/guiclassic/build/release/CMakeFiles/CMakeTmp/CheckSymbolExists.c:
/* */
#include <pthread.h>

int main(int argc, char** argv)
{
  (void)argv;
#ifndef pthread_create
  return ((int*)(&pthread_create))[argc];
#else
  (void)argc;
  return 0;
#endif
}

Determining if the function pthread_create exists in the pthreads failed with the following output:
Change Dir: /root/coins/guiclassic/build/release/CMakeFiles/CMakeTmp

Run Build Command:"/usr/bin/make" "cmTC_881e4/fast"
make[1]: Entering directory '/root/coins/guiclassic/build/release/CMakeFiles/CMakeTmp'
/usr/bin/make -f CMakeFiles/cmTC_881e4.dir/build.make CMakeFiles/cmTC_881e4.dir/build
make[2]: Entering directory '/root/coins/guiclassic/build/release/CMakeFiles/CMakeTmp'
Building C object CMakeFiles/cmTC_881e4.dir/CheckFunctionExists.c.o
/usr/bin/cc   -DCHECK_FUNCTION_EXISTS=pthread_create   -o CMakeFiles/cmTC_881e4.dir/CheckFunctionExists.c.o   -c /usr/local/share/cmake-3.11/Modules/CheckFunctionExists.c
Linking C executable cmTC_881e4
/usr/local/bin/cmake -E cmake_link_script CMakeFiles/cmTC_881e4.dir/link.txt --verbose=1
/usr/bin/cc  -DCHECK_FUNCTION_EXISTS=pthread_create    -rdynamic CMakeFiles/cmTC_881e4.dir/CheckFunctionExists.c.o  -o cmTC_881e4 -lpthreads 
/usr/bin/ld: cannot find -lpthreads
collect2: error: ld returned 1 exit status
CMakeFiles/cmTC_881e4.dir/build.make:86: recipe for target 'cmTC_881e4' failed
make[2]: *** [cmTC_881e4] Error 1
make[2]: Leaving directory '/root/coins/guiclassic/build/release/CMakeFiles/CMakeTmp'
Makefile:126: recipe for target 'cmTC_881e4/fast' failed
make[1]: *** [cmTC_881e4/fast] Error 2
make[1]: Leaving directory '/root/coins/guiclassic/build/release/CMakeFiles/CMakeTmp'


